0 info it worked if it ends with ok
1 verbose cli [ '/Users/auser/.node/bin/node',
1 verbose cli   '/Users/auser/.node/bin/npm',
1 verbose cli   'run',
1 verbose cli   'build' ]
2 info using npm@4.1.2
3 info using node@v7.7.2
4 verbose run-script [ 'prebuild', 'build', 'postbuild' ]
5 info lifecycle 30Days@0.1.0~prebuild: 30Days@0.1.0
6 silly lifecycle 30Days@0.1.0~prebuild: no script for prebuild, continuing
7 info lifecycle 30Days@0.1.0~build: 30Days@0.1.0
8 verbose lifecycle 30Days@0.1.0~build: unsafe-perm in lifecycle true
9 verbose lifecycle 30Days@0.1.0~build: PATH: /Users/auser/.node/lib/node_modules/npm/bin/node-gyp-bin:/Users/auser/Development/fullstack/fullstackreact-website/src/content/series/30-days-of-react/day-4/node_modules/.bin:/Users/auser/.gvm/bin:/Users/auser/.yarn/bin:/usr/local/var/rbenv/shims:/Users/auser/.pyenv/shims:/Users/auser/.pyenv/bin:/Users/auser/.jenv/shims:/Users/auser/.jenv/shims:/usr/local/opt/android-sdk/build-tools/19.1.0:/usr/local/opt/android-sdk/platform-tools:/usr/local/opt/android-sdk/tools:/usr/local/opt/gradle/bin:/usr/local/opt/maven/bin:/usr/local/opt/ant/bin:/Users/auser/.jenv/bin:/Users/auser/Development/go/workspace/bin:/Users/auser/.goenv/shims:/Users/auser/.yadr/bin/git-subrepo/lib:/usr/local/google-cloud-sdk/bin:/Users/auser/.kiex/elixirs/elixir-1.4.0/bin:/Users/auser/.kiex/bin:/usr/local/cuda/bin:/usr/local/dev-env/bin:/Users/auser/.evm/bin:/Users/auser/.node/bin:/Users/auser/.rbenv/shims:/usr/local/bin:/usr/local/sbin:/usr/bin:/bin:/usr/sbin:/sbin:/opt/X11/bin:/Library/TeX/texbin:/Users/auser/.yadr/bin:/Users/auser/.yadr/bin/yadr:./node_modules/.bin:/Applications/Postgres.app/Contents/Versions/9.4/bin:/Users/auser/.yadr/bin:/Users/auser/.yadr/bin:./node_modules/.bin:/Users/auser/.kiex/bin:/Applications/Postgres.app/Contents/Versions/9.4/bin:/usr/local/opt/go/libexec/bin:/Applications/MiniZincIDE.app/Contents/Resources/:/Users/auser/.yarn/bin:/Users/auser/.node/bin
10 verbose lifecycle 30Days@0.1.0~build: CWD: /Users/auser/Development/fullstack/fullstackreact-website/src/content/series/30-days-of-react/day-4
11 silly lifecycle 30Days@0.1.0~build: Args: [ '-c', 'npm-run-all build:*' ]
12 info lifecycle 30Days@0.1.0~build: Failed to exec build script
13 verbose stack Error: 30Days@0.1.0 build: `npm-run-all build:*`
13 verbose stack spawn ENOENT
13 verbose stack     at ChildProcess.<anonymous> (/Users/auser/.node/lib/node_modules/npm/lib/utils/spawn.js:33:16)
13 verbose stack     at emitTwo (events.js:106:13)
13 verbose stack     at ChildProcess.emit (events.js:194:7)
13 verbose stack     at maybeClose (internal/child_process.js:899:16)
13 verbose stack     at Process.ChildProcess._handle.onexit (internal/child_process.js:226:5)
14 verbose pkgid 30Days@0.1.0
15 verbose cwd /Users/auser/Development/fullstack/fullstackreact-website/src/content/series/30-days-of-react/day-4
16 error Darwin 16.5.0
17 error argv "/Users/auser/.node/bin/node" "/Users/auser/.node/bin/npm" "run" "build"
18 error node v7.7.2
19 error npm  v4.1.2
20 error file sh
21 error code ELIFECYCLE
22 error errno ENOENT
23 error syscall spawn
24 error 30Days@0.1.0 build: `npm-run-all build:*`
24 error spawn ENOENT
25 error Failed at the 30Days@0.1.0 build script 'npm-run-all build:*'.
25 error Make sure you have the latest version of node.js and npm installed.
25 error If you do, this is most likely a problem with the 30Days package,
25 error not with npm itself.
25 error Tell the author that this fails on your system:
25 error     npm-run-all build:*
25 error You can get information on how to open an issue for this project with:
25 error     npm bugs 30Days
25 error Or if that isn't available, you can get their info via:
25 error     npm owner ls 30Days
25 error There is likely additional logging output above.
26 verbose exit [ 1, true ]
